mode: set
subscription-lab/subscription.go:34.104,35.36 1 1
subscription-lab/subscription.go:35.36,37.3 1 1
subscription-lab/subscription.go:39.2,39.20 1 1
subscription-lab/subscription.go:39.20,41.3 1 1
subscription-lab/subscription.go:43.2,47.8 1 1
subscription-lab/subscription.go:50.69,51.39 1 1
subscription-lab/subscription.go:51.39,53.3 1 1
subscription-lab/subscription.go:55.2,55.45 1 1
subscription-lab/subscription.go:55.45,57.3 1 1
subscription-lab/subscription.go:59.2,59.60 1 1
subscription-lab/subscription.go:59.60,61.3 1 1
subscription-lab/subscription.go:63.2,64.12 2 1
subscription-lab/subscription.go:67.71,68.39 1 1
subscription-lab/subscription.go:68.39,70.3 1 1
subscription-lab/subscription.go:72.2,72.45 1 1
subscription-lab/subscription.go:72.45,74.3 1 1
subscription-lab/subscription.go:76.2,78.31 2 1
subscription-lab/subscription.go:78.31,80.3 1 1
subscription-lab/subscription.go:82.2,83.12 2 1
subscription-lab/subscription.go:86.67,87.16 1 1
subscription-lab/subscription.go:87.16,89.3 1 1
subscription-lab/subscription.go:91.2,93.34 2 1
subscription-lab/subscription.go:93.34,95.3 1 1
subscription-lab/subscription.go:97.2,98.12 2 1
subscription-lab/subscription.go:101.70,102.17 1 1
subscription-lab/subscription.go:103.15,104.14 1 1
subscription-lab/subscription.go:105.19,106.53 1 1
subscription-lab/subscription.go:107.25,108.32 1 1
subscription-lab/subscription.go:109.26,110.32 1 1
subscription-lab/subscription.go:111.10,112.15 1 1
subscription-lab/subscription.go:116.55,118.2 1 1
